1524426072400	geckodriver	INFO	geckodriver 0.20.1
1524426072412	geckodriver	INFO	Listening on 127.0.0.1:52061
1524426075452	mozrunner::runner	INFO	Running command: "C:\\Program Files\\Mozilla Firefox\\firefox.exe" "-marionette" "-profile" "C:\\Users\\qatsh\\AppData\\Local\\Temp\\rust_mozprofile.yvDDTtTFVVfa"
Unable to read VR Path Registry from C:\Users\qatsh\AppData\Local\openvr\openvrpaths.vrpath
1524426076026	Marionette	INFO	Enabled via --marionette
Unable to read VR Path Registry from C:\Users\qatsh\AppData\Local\openvr\openvrpaths.vrpath
Unable to read VR Path Registry from C:\Users\qatsh\AppData\Local\openvr\openvrpaths.vrpath
Unable to read VR Path Registry from C:\Users\qatsh\AppData\Local\openvr\openvrpaths.vrpath
Unable to read VR Path Registry from C:\Users\qatsh\AppData\Local\openvr\openvrpaths.vrpath
1524426077880	Marionette	INFO	Listening on port 52075
1524426078604	Marionette	WARN	TLS certificate errors will be ignored for this session
failure code: 0x80570016 (NS_ERROR_XPC_GS_RETURNED_FAILURE) [nsIJSCID.getService]
JavaScript error: jar:file:///C:/Program%20Files/Mozilla%20Firefox/omni.ja!/components/nsUrlClassifierListManager.js, line 69: NS_ERROR_XPC_GS_RETURNED_FAILURE: Component returned failure code: 0x80570016 (NS_ERROR_XPC_GS_RETURNED_FAILURE) [nsIJSCID.getService]
1524425973734	Marionette	WARN	TLS certificate errors will be ignored for this session
[Child 12924, Chrome_ChildThread] WARNING: pipe error: 109: file z:/build/build/src/ipc/chromium/src/chrome/common/ipc_channel_win.cc, line 346
[Child 12924, Chrom#!!! [Child][MessageChannel::SendAndWait] Error: Channel error: cannot send/recv

Channel error: cannot send/recv

nel::SendAndWait] Error: Channel error: cannot send/recv

pipe error: 109: file z:/build/build/src/ipc/chromium/src/chrome/common/ipc_channel_win.cc, line 346
[Child 7428, Chrome_ChildThread] WARNING: pipe error: 109: file z:/build/build/src/ipc/chromium/src/chrome/common/ipc_channel_win.cc, line 346
[Child 7428, Chrome_ChildThread] WARNIanager:registerTimer called after profile-before-change notification. Ignoring timer registration for id: telemetry_modules_ping

###!!! [Child][MessageChannel::SendAndWait] Error: Channel error: cannot send/recv

 reason: error
[Child 5536, Chrome_ChildThread] WARNING: pipe error: 109: file z:/build/build/src/ipc/chromium/src/chrome/common/ipc_channel_win.cc, line 346
[Child 5[Parent 16716, Gecko_IOThread] WARNING: pipe error: 109: file z:/build/build/src/ipc/chromium/src/chrome/common/ipc_channel_win.cc, line 346
[Child 10088, Chrome_ChildThread] WARNING: pipe error: 109: file z:/build/build/src/ipc/chromium/src/chrome/common/ipc_channel_win.cc, line 346
[Child 10088, Chro*** UTM:SVC TimerManager:registerTimer called after profile-before-change notification. Ignoring timer registration for id: telemetry_modules_ping

###!!! [Child][MessageChannel::SendAndWait] Error: Channel error: cannot send/recv

uers-directory/company-details/!ut/p/z1/04_Sj9CPykssy0xPLMnMz0vMAfIjo8zi_Tx8nD0MLIy83V1DjA0czVx8nYP8PI0MDAz0I4EKzBEKDEJDLYEKjJ0DA11MjQzcTfW99KPSc_KTIGZllJQUWKkaqBqUJKYklpfmqBroRyXn5xYk5lUGV-Ym5QMVGRmbGuiHEzK1IDsop6zSUREAt4ABmA!!/, line 43: unreachable code after return statement
JavaScript warning: https://www.tadawul.com.sa/wps/contenthandler/!ut/p/digest!VstqBLhodA20_JNFSltiPg/mashup/ra:collection?themeID=ZJ_O0D41JC0L0AM30AH8GIN4J0004&locale=en&mime-type=text%2Fjavascript&entry=wp_client_main__0.0%3Ahead_js&entry=wp_client_ext__0.0%3Ahead_js&entry=tadawul_bootstrap__3.3.3%3Ahead_js&entry=tadawul_reject__1.1.0%3Ahead_js&entry=tadawul_datatables__1.0.4%3Ahead_js&entry=tadawul_highchart__4.1.3%3Ahead_js&entry=wp_theme_portal_85__0.0%3Ahead_js, line 8: unreachable code after return statement
JavaScript warning: https://www.tadawul.com.sa/wps/contenthandler/!ut/p/digest!VstqBLhodA20_JNFSltiPg/mashup/ra:collection?themeID=ZJ_O0D41JC0L0AM30AH8GIN4J0004&locale=en&mime-type=text%2Fjavascript&entry=wp_client_main__0.0%3Ahead_js&entry=wp_client_ext__0.0%3Ahead_js&entry=tadawul_bootstrap__3.3.3%3Ahead_js&entry=tadawul_reject__1.1.0%3Ahead_js&entry=tadawul_datatables__1.0.4%3Ahead_js&entry=tadawul_highchart__4.1.3%3Ahead_js&entry=wp_theme_portal_85__0.0%3Ahead_js, line 11: unreachable code after return statement
JavaScript warning: https://www.tadawul.com.sa/wps/contenthandler/!ut/p/digest!VstqBLhodA20_JNFSltiPg/mashup/ra:collection?themeID=ZJ_O0D41JC0L0AM30AH8GIN4J0004&locale=en&mime-type=text%2Fjavascript&entry=wp_client_main__0.0%3Ahead_js&entry=wp_client_ext__0.0%3Ahead_js&entry=tadawul_bootstrap__3.3.3%3Ahead_js&entry=tadawul_reject__1.1.0%3Ahead_js&entry=tadawul_datatables__1.0.4%3Ahead_js&entry=tadawul_highchart__4.1.3%3Ahead_js&entry=wp_theme_portal_85__0.0%3Ahead_js, line 35: unreachable code after return statement
JavaScript warning: https://www.tadawul.com.sa/wps/contenthandler/!ut/p/digest!VstqBLhodA20_JNFSltiPg/mashup/ra:collection?themeID=ZJ_O0D41JC0L0AM30AH8GIN4J0004&locale=en&mime-type=text%2Fjavascript&entry=wp_client_main__0.0%3Ahead_js&entry=wp_client_ext__0.0%3Ahead_js&entry=tadawul_bootstrap__3.3.3%3Ahead_js&entry=tadawul_reject__1.1.0%3Ahead_js&entry=tadawul_datatables__1.0.4%3Ahead_js&entry=tadawul_highchart__4.1.3%3Ahead_js&entry=wp_theme_portal_85__0.0%3Ahead_js, line 43: unreachable code after return statement
JavaScript warning: https://www.tadawul.com.sa/wps/contenthandler/!ut/p/digest!VstqBLhodA20_JNFSltiPg/mashup/ra:collection?themeID=ZJ_O0D41JC0L0AM30AH8GIN4J0004&locale=en&mime-type=text%2Fjavascript&entry=wp_client_main__0.0%3Ahead_js&entry=wp_client_ext__0.0%3Ahead_js&entry=tadawul_bootstrap__3.3.3%3Ahead_js&entry=tadawul_reject__1.1.0%3Ahead_js&entry=tadawul_datatables__1.0.4%3Ahead_js&entry=tadawul_highchart__4.1.3%3Ahead_js&entry=wp_theme_portal_85__0.0%3Ahead_js line 1117 > eval, line 8: unreachable code after return statement
JavaScript warning: https://www.tadawul.com.sa/wps/contenthandler/!ut/p/digest!VstqBLhodA20_JNFSltiPg/mashup/ra:collection?themeID=ZJ_O0D41JC0L0AM30AH8GIN4J0004&locale=en&mime-type=text%2Fjavascript&entry=wp_client_main__0.0%3Ahead_js&entry=wp_client_ext__0.0%3Ahead_js&entry=tadawul_bootstrap__3.3.3%3Ahead_js&entry=tadawul_reject__1.1.0%3Ahead_js&entry=tadawul_datatables__1.0.4%3Ahead_js&entry=tadawul_highchart__4.1.3%3Ahead_js&entry=wp_theme_portal_85__0.0%3Ahead_js line 1117 > eval, line 11: unreachable code after return statement
JavaScript warning: https://www.tadawul.com.sa/wps/contenthandler/!ut/p/digest!VstqBLhodA20_JNFSltiPg/mashup/ra:collection?themeID=ZJ_O0D41JC0L0AM30AH8GIN4J0004&locale=en&mime-type=text%2Fjavascript&entry=wp_client_main__0.0%3Ahead_js&entry=wp_client_ext__0.0%3Ahead_js&entry=tadawul_bootstrap__3.3.3%3Ahead_js&entry=tadawul_reject__1.1.0%3Ahead_js&entry=tadawul_datatables__1.0.4%3Ahead_js&entry=tadawul_highchart__4.1.3%3Ahead_js&entry=wp_theme_portal_85__0.0%3Ahead_js line 1117 > eval, line 35: unreachable code after return statement
JavaScript warning: https://www.tadawul.com.sa/wps/contenthandler/!ut/p/digest!VstqBLhodA20_JNFSltiPg/mashup/ra:collection?themeID=ZJ_O0D41JC0L0AM30AH8GIN4J0004&locale=en&mime-type=text%2Fjavascript&entry=wp_client_main__0.0%3Ahead_js&entry=wp_client_ext__0.0%3Ahead_js&entry=tadawul_bootstrap__3.3.3%3Ahead_js&entry=tadawul_reject__1.1.0%3Ahead_js&entry=tadawul_datatables__1.0.4%3Ahead_js&entry=tadawul_highchart__4.1.3%3Ahead_js&entry=wp_theme_portal_85__0.0%3Ahead_js line 1117 > eval, line 43: unreachable code after return statement
JavaScript warning: https://www.tadawul.com.sa/wps/contenthandler/!ut/p/digest!VstqBLhodA20_JNFSltiPg/mashup/ra:collection?themeID=ZJ_O0D41JC0L0AM30AH8GIN4J0004&locale=en&mime-type=text%2Fjavascript&entry=wp_client_main__0.0%3Ahead_js&entry=wp_client_ext__0.0%3Ahead_js&entry=tadawul_bootstrap__3.3.3%3Ahead_js&entry=tadawul_reject__1.1.0%3Ahead_js&entry=tadawul_datatables__1.0.4%3Ahead_js&entry=tadawul_highchart__4.1.3%3Ahead_js&entry=wp_theme_portal_85__0.0%3Ahead_js, line 8: unreachable code after return statement
JavaScript warning: https://www.tadawul.com.sa/wps/contenthandler/!ut/p/digest!VstqBLhodA20_JNFSltiPg/mashup/ra:collection?themeID=ZJ_O0D41JC0L0AM30AH8GIN4J0004&locale=en&mime-type=text%2Fjavascript&entry=wp_client_main__0.0%3Ahead_js&entry=wp_client_ext__0.0%3Ahead_js&entry=tadawul_bootstrap__3.3.3%3Ahead_js&entry=tadawul_reject__1.1.0%3Ahead_js&entry=tadawul_datatables__1.0.4%3Ahead_js&entry=tadawul_highchart__4.1.3%3Ahead_js&entry=wp_theme_portal_85__0.0%3Ahead_js, line 11: unreachable code after return statement
JavaScript warning: https://www.tadawul.com.sa/wps/contenthandler/!ut/p/digest!VstqBLhodA20_JNFSltiPg/mashup/ra:collection?themeID=ZJ_O0D41JC0L0AM30AH8GIN4J0004&locale=en&mime-type=text%2Fjavascript&entry=wp_client_main__0.0%3Ahead_js&entry=wp_client_ext__0.0%3Ahead_js&entry=tadawul_bootstrap__3.3.3%3Ahead_js&entry=tadawul_reject__1.1.0%3Ahead_js&entry=tadawul_datatables__1.0.4%3Ahead_js&entry=tadawul_highchart__4.1.3%3Ahead_js&entry=wp_theme_portal_85__0.0%3Ahead_js, line 35: unreachable code after return statement
JavaScript warning: https://www.tadawul.com.sa/wps/contenthandler/!ut/p/digest!VstqBLhodA20_JNFSltiPg/mashup/ra:collection?themeID=ZJ_O0D41JC0L0AM30AH8GIN4J0004&locale=en&mime-type=text%2Fjavascript&entry=wp_client_main__0.0%3Ahead_js&entry=wp_client_ext__0.0%3Ahead_js&entry=tadawul_bootstrap__3.3.3%3Ahead_js&entry=tadawul_reject__1.1.0%3Ahead_js&entry=tadawul_datatables__1.0.4%3Ahead_js&entry=tadawul_highchart__4.1.3%3Ahead_js&entry=wp_theme_portal_85__0.0%3Ahead_js, line 43: unreachable code after return statement
JavaScript warning: https://www.tadawul.com.sa/wps/contenthandler/!ut/p/digest!VstqBLhodA20_JNFSltiPg/mashup/ra:collection?themeID=ZJ_O0D41JC0L0AM30AH8GIN4J0004&locale=en&mime-type=text%2Fjavascript&entry=wp_client_main__0.0%3Ahead_js&entry=wp_client_ext__0.0%3Ahead_js&entry=tadawul_bootstrap__3.3.3%3Ahead_js&entry=tadawul_reject__1.1.0%3Ahead_js&entry=tadawul_datatables__1.0.4%3Ahead_js&entry=tadawul_highchart__4.1.3%3Ahead_js&entry=wp_theme_portal_85__0.0%3Ahead_js line 1117 > eval, line 8: unreachable code after return statement
JavaScript warning: https://www.tadawul.com.sa/wps/contenthandler/!ut/p/digest!VstqBLhodA20_JNFSltiPg/mashup/ra:collection?themeID=ZJ_O0D41JC0L0AM30AH8GIN4J0004&locale=en&mime-type=text%2Fjavascript&entry=wp_client_main__0.0%3Ahead_js&entry=wp_client_ext__0.0%3Ahead_js&entry=tadawul_bootstrap__3.3.3%3Ahead_js&entry=tadawul_reject__1.1.0%3Ahead_js&entry=tadawul_datatables__1.0.4%3Ahead_js&entry=tadawul_highchart__4.1.3%3Ahead_js&entry=wp_theme_portal_85__0.0%3Ahead_js line 1117 > eval, line 11: unreachable code after return statement
JavaScript warning: https://www.tadawul.com.sa/wps/contenthandler/!ut/p/digest!VstqBLhodA20_JNFSltiPg/mashup/ra:collection?themeID=ZJ_O0D41JC0L0AM30AH8GIN4J0004&locale=en&mime-type=text%2Fjavascript&entry=wp_client_main__0.0%3Ahead_js&entry=wp_client_ext__0.0%3Ahead_js&entry=tadawul_bootstrap__3.3.3%3Ahead_js&entry=tadawul_reject__1.1.0%3Ahead_js&entry=tadawul_datatables__1.0.4%3Ahead_js&entry=tadawul_highchart__4.1.3%3Ahead_js&entry=wp_theme_portal_85__0.0%3Ahead_js line 1117 > eval, line 35: unreachable code after return statement
JavaScript warning: https://www.tadawul.com.sa/wps/contenthandler/!ut/p/digest!VstqBLhodA20_JNFSltiPg/mashup/ra:collection?themeID=ZJ_O0D41JC0L0AM30AH8GIN4J0004&locale=en&mime-type=text%2Fjavascript&entry=wp_client_main__0.0%3Ahead_js&entry=wp_client_ext__0.0%3Ahead_js&entry=tadawul_bootstrap__3.3.3%3Ahead_js&entry=tadawul_reject__1.1.0%3Ahead_js&entry=tadawul_datatables__1.0.4%3Ahead_js&entry=tadawul_highchart__4.1.3%3Ahead_js&entry=wp_theme_portal_85__0.0%3Ahead_js line 1117 > eval, line 43: unreachable code after return statement
JavaScript warning: https://www.tadawul.com.sa/wps/contenthandler/!ut/p/digest!VstqBLhodA20_JNFSltiPg/mashup/ra:collection?themeID=ZJ_O0D41JC0L0AM30AH8GIN4J0004&locale=en&mime-type=text%2Fjavascript&entry=wp_client_main__0.0%3Ahead_js&entry=wp_client_ext__0.0%3Ahead_js&entry=tadawul_bootstrap__3.3.3%3Ahead_js&entry=tadawul_reject__1.1.0%3Ahead_js&entry=tadawul_datatables__1.0.4%3Ahead_js&entry=tadawul_highchart__4.1.3%3Ahead_js&entry=wp_theme_portal_85__0.0%3Ahead_js, line 8: unreachable code after return statement
JavaScript warning: https://www.tadawul.com.sa/wps/contenthandler/!ut/p/digest!VstqBLhodA20_JNFSltiPg/mashup/ra:collection?themeID=ZJ_O0D41JC0L0AM30AH8GIN4J0004&locale=en&mime-type=text%2Fjavascript&entry=wp_client_main__0.0%3Ahead_js&entry=wp_client_ext__0.0%3Ahead_js&entry=tadawul_bootstrap__3.3.3%3Ahead_js&entry=tadawul_reject__1.1.0%3Ahead_js&entry=tadawul_datatables__1.0.4%3Ahead_js&entry=tadawul_highchart__4.1.3%3Ahead_js&entry=wp_theme_portal_85__0.0%3Ahead_js, line 11: unreachable code after return statement
JavaScript warning: https://www.tadawul.com.sa/wps/contenthandler/!ut/p/digest!VstqBLhodA20_JNFSltiPg/mashup/ra:collection?themeID=ZJ_O0D41JC0L0AM30AH8GIN4J0004&locale=en&mime-type=text%2Fjavascript&entry=wp_client_main__0.0%3Ahead_js&entry=wp_client_ext__0.0%3Ahead_js&entry=tadawul_bootstrap__3.3.3%3Ahead_js&entry=tadawul_reject__1.1.0%3Ahead_js&entry=tadawul_datatables__1.0.4%3Ahead_js&entry=tadawul_highchart__4.1.3%3Ahead_js&entry=wp_theme_portal_85__0.0%3Ahead_js, line 35: unreachable code after return statement
JavaScript warning: https://www.tadawul.com.sa/wps/contenthandler/!ut/p/digest!VstqBLhodA20_JNFSltiPg/mashup/ra:collection?themeID=ZJ_O0D41JC0L0AM30AH8GIN4J0004&locale=en&mime-type=text%2Fjavascript&entry=wp_client_main__0.0%3Ahead_js&entry=wp_client_ext__0.0%3Ahead_js&entry=tadawul_bootstrap__3.3.3%3Ahead_js&entry=tadawul_reject__1.1.0%3Ahead_js&entry=tadawul_datatables__1.0.4%3Ahead_js&entry=tadawul_highchart__4.1.3%3Ahead_js&entry=wp_theme_portal_85__0.0%3Ahead_js, line 43: unreachable code after return statement
JavaScript warning: https://www.tadawul.com.sa/wps/contenthandler/!ut/p/digest!VstqBLhodA20_JNFSltiPg/mashup/ra:collection?themeID=ZJ_O0D41JC0L0AM30AH8GIN4J0004&locale=en&mime-type=text%2Fjavascript&entry=wp_client_main__0.0%3Ahead_js&entry=wp_client_ext__0.0%3Ahead_js&entry=tadawul_bootstrap__3.3.3%3Ahead_js&entry=tadawul_reject__1.1.0%3Ahead_js&entry=tadawul_datatables__1.0.4%3Ahead_js&entry=tadawul_highchart__4.1.3%3Ahead_js&entry=wp_theme_portal_85__0.0%3Ahead_js line 1117 > eval, line 8: unreachable code after return statement
JavaScript warning: https://www.tadawul.com.sa/wps/contenthandler/!ut/p/digest!VstqBLhodA20_JNFSltiPg/mashup/ra:collection?themeID=ZJ_O0D41JC0L0AM30AH8GIN4J0004&locale=en&mime-type=text%2Fjavascript&entry=wp_client_main__0.0%3Ahead_js&entry=wp_client_ext__0.0%3Ahead_js&entry=tadawul_bootstrap__3.3.3%3Ahead_js&entry=tadawul_reject__1.1.0%3Ahead_js&entry=tadawul_datatables__1.0.4%3Ahead_js&entry=tadawul_highchart__4.1.3%3Ahead_js&entry=wp_theme_portal_85__0.0%3Ahead_js line 1117 > eval, line 11: unreachable code after return statement
JavaScript warning: https://www.tadawul.com.sa/wps/contenthandler/!ut/p/digest!VstqBLhodA20_JNFSltiPg/mashup/ra:collection?themeID=ZJ_O0D41JC0L0AM30AH8GIN4J0004&locale=en&mime-type=text%2Fjavascript&entry=wp_client_main__0.0%3Ahead_js&entry=wp_client_ext__0.0%3Ahead_js&entry=tadawul_bootstrap__3.3.3%3Ahead_js&entry=tadawul_reject__1.1.0%3Ahead_js&entry=tadawul_datatables__1.0.4%3Ahead_js&entry=tadawul_highchart__4.1.3%3Ahead_js&entry=wp_theme_portal_85__0.0%3Ahead_js line 1117 > eval, line 35: unreachable code after return statement
JavaScript warning: https://www.tadawul.com.sa/wps/contenthandler/!ut/p/digest!VstqBLhodA20_JNFSltiPg/mashup/ra:collection?themeID=ZJ_O0D41JC0L0AM30AH8GIN4J0004&locale=en&mime-type=text%2Fjavascript&entry=wp_client_main__0.0%3Ahead_js&entry=wp_client_ext__0.0%3Ahead_js&entry=tadawul_bootstrap__3.3.3%3Ahead_js&entry=tadawul_reject__1.1.0%3Ahead_js&entry=tadawul_datatables__1.0.4%3Ahead_js&entry=tadawul_highchart__4.1.3%3Ahead_js&entry=wp_theme_portal_85__0.0%3Ahead_js line 1117 > eval, line 43: unreachable code after return statement
[Parent 14524, Gecko_IOThread] WARNING: pipe error: 109: file z:/build/build/src/ipc/chromium/src/chrome/common/ipc_channel_win.cc, line 346
[Child 10644, Chrome_ChildThread] WARNING: pipe error: 109: file z:/build/build/src/ipc/chromium/src/chrome/common/ipc_channel_win.cc, line 346
[Child 10644, Chrome[Parent 14524, Gecko_IOThread] WARNING: pipe error: 109: file z:/build/build/src/ipc/chromium/src/chrome/common/ipc_channel_win.cc, line 346

###!!! [Child][MessageChannel::SendAndWait] Error: Channel error: cannot send/recv

c/ipc/chromium/src/chrome/common/ipc_channel_win.cc, line 346
[Child 7536, Chrome
###!!! [Child][MessageChannel::SendAndWait] Error: Channel error: cannot send/recv

